<?xml version="1.0" encoding="UTF-8"?>
<testsuite name="jhordan.Practices.Third.FiguresRectanguleSquare.SquareTest" tests="1" skipped="0" failures="0" errors="0" timestamp="2020-08-06T20:36:33" hostname="DESKTOP-0TPPK4K" time="0.008">
  <properties/>
  <testcase name="testGetArea" classname="jhordan.Practices.Third.FiguresRectanguleSquare.SquareTest" time="0.008"/>
  <system-out><![CDATA[]]></system-out>
  <system-err><![CDATA[]]></system-err>
</testsuite>
